<?xml version="1.0" encoding="UTF-8"?>
<testsuite xmlns:xsi="http://www.w3.org/2001/XMLSchema-instance" xsi:noNamespaceSchemaLocation="https://maven.apache.org/surefire/maven-surefire-plugin/xsd/surefire-test-report.xsd" name="com.ruey.MovieServiceApplicationTests" time="0.639" tests="1" errors="1" skipped="0" failures="0">
  <properties>
[...]
</properties>
  <testcase name="initializationError" classname="com.ruey.MovieServiceApplicationTests" time="0.013">
    <error message="Unable to find a @SpringBootConfiguration, you need to use @ContextConfiguration or @SpringBootTest(classes=...) with your test" type="java.lang.IllegalStateException">java.lang.IllegalStateException: Unable to find a @SpringBootConfiguration, you need to use @ContextConfiguration or @SpringBootTest(classes=...) with your test
</error>
    <system-out><![CDATA[18:17:04.962 [main] DEBUG org.springframework.test.context.junit4.SpringJUnit4ClassRunner - SpringJUnit4ClassRunner constructor called with [class com.ruey.MovieServiceApplicationTests]
18:17:04.973 [main] DEBUG org.springframework.test.context.BootstrapUtils - Instantiating CacheAwareContextLoaderDelegate from class [org.springframework.test.context.cache.DefaultCacheAwareContextLoaderDelegate]
18:17:04.990 [main] DEBUG org.springframework.test.context.BootstrapUtils - Instantiating BootstrapContext using constructor [public org.springframework.test.context.support.DefaultBootstrapContext(java.lang.Class,org.springframework.test.context.CacheAwareContextLoaderDelegate)]
18:17:05.030 [main] DEBUG org.springframework.test.context.BootstrapUtils - Instantiating TestContextBootstrapper for test class [com.ruey.MovieServiceApplicationTests] from class [org.springframework.boot.test.context.SpringBootTestContextBootstrapper]
18:17:05.063 [main] INFO org.springframework.boot.test.context.SpringBootTestContextBootstrapper - Neither @ContextConfiguration nor @ContextHierarchy found for test class [com.ruey.MovieServiceApplicationTests], using SpringBootContextLoader
18:17:05.070 [main] DEBUG org.springframework.test.context.support.AbstractContextLoader - Did not detect default resource location for test class [com.ruey.MovieServiceApplicationTests]: class path resource [com/ruey/MovieServiceApplicationTests-context.xml] does not exist
18:17:05.070 [main] DEBUG org.springframework.test.context.support.AbstractContextLoader - Did not detect default resource location for test class [com.ruey.MovieServiceApplicationTests]: class path resource [com/ruey/MovieServiceApplicationTestsContext.groovy] does not exist
18:17:05.071 [main] INFO org.springframework.test.context.support.AbstractContextLoader - Could not detect default resource locations for test class [com.ruey.MovieServiceApplicationTests]: no resource found for suffixes {-context.xml, Context.groovy}.
18:17:05.072 [main] INFO org.springframework.test.context.support.AnnotationConfigContextLoaderUtils - Could not detect default configuration classes for test class [com.ruey.MovieServiceApplicationTests]: MovieServiceApplicationTests does not declare any static, non-private, non-final, nested classes annotated with @Configuration.
18:17:05.162 [main] DEBUG org.springframework.test.context.support.ActiveProfilesUtils - Could not find an 'annotation declaring class' for annotation type [org.springframework.test.context.ActiveProfiles] and class [com.ruey.MovieServiceApplicationTests]
]]></system-out>
  </testcase>
</testsuite>